[    0.000000] Linux version 4.15.0-212-generic (buildd@lcy02-amd64-083) (gcc version 7.5.0 (Ubuntu 7.5.0-3ubuntu1~18.04)) #223-Ubuntu SMP Tue May 23 13:09:22 UTC 2023 (Ubuntu 4.15.0-212.223-generic 4.15.18)
[    0.000000] Command line: BOOT_IMAGE=/boot/vmlinuz-4.15.0-212-generic root=LABEL=cloudimg-rootfs ro console=tty1 console=ttyS0
[    0.000000] KERNEL supported cpus:
[    0.000000]   Intel GenuineIntel
[    0.000000]   AMD AuthenticAMD
[    0.000000]   Centaur CentaurHauls
[    0.000000] x86/fpu: x87 FPU will use FXSAVE
[    0.000000] e820: BIOS-provided physical RAM map:
[    0.000000] BIOS-e820: [mem 0x0000000000000000-0x000000000009fbff] usable
[    0.000000] BIOS-e820: [mem 0x000000000009fc00-0x000000000009ffff] reserved
[    0.000000] BIOS-e820: [mem 0x00000000000f0000-0x00000000000fffff] reserved
[    0.000000] BIOS-e820: [mem 0x0000000000100000-0x000000005ffeffff] usable
[    0.000000] BIOS-e820: [mem 0x000000005fff0000-0x000000005fffffff] ACPI data
[    0.000000] BIOS-e820: [mem 0x00000000fec00000-0x00000000fec00fff] reserved
[    0.000000] BIOS-e820: [mem 0x00000000fee00000-0x00000000fee00fff] reserved
[    0.000000] BIOS-e820: [mem 0x00000000fffc0000-0x00000000ffffffff] reserved
[    0.000000] NX (Execute Disable) protection: active
[    0.000000] SMBIOS 2.5 present.
[    0.000000] DMI: innotek GmbH VirtualBox/VirtualBox, BIOS VirtualBox 12/01/2006
[    0.000000] Hypervisor detected: KVM
[    0.000000] e820: last_pfn = 0x5fff0 max_arch_pfn = 0x400000000
[    0.000000] MTRR: Disabled
[    0.000000] x86/PAT: MTRRs disabled, skipping PAT initialization too.
[    0.000000] CPU MTRRs all blank - virtualized system.
[    0.000000] x86/PAT: Configuration [0-7]: WB  WT  UC- UC  WB  WT  UC- UC  
[    0.000000] found SMP MP-table at [mem 0x0009fff0-0x0009ffff]
[    0.000000] Scanning 1 areas for low memory corruption
[    0.000000] RAMDISK: [mem 0x359cb000-0x36cdcfff]
[    0.000000] ACPI: Early table checksum verification disabled
[    0.000000] ACPI: RSDP 0x00000000000E0000 000024 (v02 VBOX  )
[    0.000000] ACPI: XSDT 0x000000005FFF0030 00003C (v01 VBOX   VBOXXSDT 00000001 ASL  00000061)
[    0.000000] ACPI: FACP 0x000000005FFF00F0 0000F4 (v04 VBOX   VBOXFACP 00000001 ASL  00000061)
[    0.000000] ACPI: DSDT 0x000000005FFF0610 002353 (v02 VBOX   VBOXBIOS 00000002 INTL 20100528)
[    0.000000] ACPI: FACS 0x000000005FFF0200 000040
[    0.000000] ACPI: FACS 0x000000005FFF0200 000040
[    0.000000] ACPI: APIC 0x000000005FFF0240 00005C (v02 VBOX   VBOXAPIC 00000001 ASL  00000061)
[    0.000000] ACPI: SSDT 0x000000005FFF02A0 00036C (v01 VBOX   VBOXCPUT 00000002 INTL 20100528)
[    0.000000] ACPI: Reserving FACP table memory at [mem 0x5fff00f0-0x5fff01e3]
[    0.000000] ACPI: Reserving DSDT table memory at [mem 0x5fff0610-0x5fff2962]
[    0.000000] ACPI: Reserving FACS table memory at [mem 0x5fff0200-0x5fff023f]
[    0.000000] ACPI: Reserving FACS table memory at [mem 0x5fff0200-0x5fff023f]
[    0.000000] ACPI: Reserving APIC table memory at [mem 0x5fff0240-0x5fff029b]
[    0.000000] ACPI: Reserving SSDT table memory at [mem 0x5fff02a0-0x5fff060b]
[    0.000000] No NUMA configuration found
[    0.000000] Faking a node at [mem 0x0000000000000000-0x000000005ffeffff]
[    0.000000] NODE_DATA(0) allocated [mem 0x5ffc5000-0x5ffeffff]
[    0.000000] kvm-clock: cpu 0, msr 0:5ff44001, primary cpu clock
[    0.000000] kvm-clock: Using msrs 4b564d01 and 4b564d00
[    0.000000] kvm-clock: using sched offset of 4465635385 cycles
[    0.000000] clocksource: kvm-clock: mask: 0xffffffffffffffff max_cycles: 0x1cd42e4dffb, max_idle_ns: 881590591483 ns
[    0.000000] Zone ranges:
[    0.000000]   DMA      [mem 0x0000000000001000-0x0000000000ffffff]
[    0.000000]   DMA32    [mem 0x0000000001000000-0x000000005ffeffff]
[    0.000000]   Normal   empty
[    0.000000]   Device   empty
[    0.000000] Movable zone start for each node
[    0.000000] Early memory node ranges
[    0.000000]   node   0: [mem 0x0000000000001000-0x000000000009efff]
[    0.000000]   node   0: [mem 0x0000000000100000-0x000000005ffeffff]
[    0.000000] Reserved but unavailable: 104 pages
[    0.000000] Initmem setup node 0 [mem 0x0000000000001000-0x000000005ffeffff]
[    0.000000] ACPI: PM-Timer IO Port: 0x4008
[    0.000000] IOAPIC[0]: apic_id 2, version 32, address 0xfec00000, GSI 0-23
[    0.000000] ACPI: INT_SRC_OVR (bus 0 bus_irq 0 global_irq 2 dfl dfl)
[    0.000000] ACPI: INT_SRC_OVR (bus 0 bus_irq 9 global_irq 9 low level)
[    0.000000] Using ACPI (MADT) for SMP configuration information
[    0.000000] smpboot: Allowing 2 CPUs, 0 hotplug CPUs
[    0.000000] PM: Registered nosave memory: [mem 0x00000000-0x00000fff]
[    0.000000] PM: Registered nosave memory: [mem 0x0009f000-0x0009ffff]
[    0.000000] PM: Registered nosave memory: [mem 0x000a0000-0x000effff]
[    0.000000] PM: Registered nosave memory: [mem 0x000f0000-0x000fffff]
[    0.000000] e820: [mem 0x60000000-0xfebfffff] available for PCI devices
[    0.000000] Booting paravirtualized kernel on KVM
[    0.000000] clocksource: refined-jiffies: mask: 0xffffffff max_cycles: 0xffffffff, max_idle_ns: 7645519600211568 ns
[    0.000000] setup_percpu: NR_CPUS:8192 nr_cpumask_bits:2 nr_cpu_ids:2 nr_node_ids:1
[    0.000000] percpu: Embedded 50 pages/cpu s167936 r8192 d28672 u1048576
[    0.000000] PV qspinlock hash table entries: 256 (order: 0, 4096 bytes)
[    0.000000] Built 1 zonelists, mobility grouping on.  Total pages: 386937
[    0.000000] Policy zone: DMA32
[    0.000000] Kernel command line: BOOT_IMAGE=/boot/vmlinuz-4.15.0-212-generic root=LABEL=cloudimg-rootfs ro console=tty1 console=ttyS0
[    0.000000] Memory: 1498740K/1572408K available (12300K kernel code, 2477K rwdata, 4324K rodata, 2480K init, 2720K bss, 73668K reserved, 0K cma-reserved)
[    0.000000] SLUB: HWalign=64, Order=0-3, MinObjects=0, CPUs=2, Nodes=1
[    0.000000] ftrace: allocating 39508 entries in 155 pages
[    0.004000] Hierarchical RCU implementation.
[    0.004000] 	RCU restricting CPUs from NR_CPUS=8192 to nr_cpu_ids=2.
[    0.004000] 	Tasks RCU enabled.
[    0.004000] RCU: Adjusting geometry for rcu_fanout_leaf=16, nr_cpu_ids=2
[    0.004000] NR_IRQS: 524544, nr_irqs: 440, preallocated irqs: 16
[    0.004000] random: crng init done
[    0.004000] Console: colour VGA+ 80x25
[    0.004000] console [tty1] enabled
[    0.004000] console [ttyS0] enabled
[    0.004000] ACPI: Core revision 20170831
[    0.004000] ACPI: 2 ACPI AML tables successfully acquired and loaded
[    0.004000] APIC: Switch to symmetric I/O mode setup
[    0.004000] ..TIMER: vector=0x30 apic1=0 pin1=2 apic2=-1 pin2=-1
[    0.004000] tsc: Detected 2112.008 MHz processor
[    0.004000] Calibrating delay loop (skipped) preset value.. 4224.01 BogoMIPS (lpj=8448032)
[    0.004000] pid_max: default: 32768 minimum: 301
[    0.004000] Security Framework initialized
[    0.004005] Yama: becoming mindful.
[    0.008142] AppArmor: AppArmor initialized
[    0.022547] Dentry cache hash table entries: 262144 (order: 9, 2097152 bytes)
[    0.033172] Inode-cache hash table entries: 131072 (order: 8, 1048576 bytes)
[    0.036191] Mount-cache hash table entries: 4096 (order: 3, 32768 bytes)
[    0.040168] Mountpoint-cache hash table entries: 4096 (order: 3, 32768 bytes)
[    0.048881] Last level iTLB entries: 4KB 64, 2MB 8, 4MB 8
[    0.052004] Last level dTLB entries: 4KB 64, 2MB 0, 4MB 0, 1GB 4
[    0.056008] Spectre V1 : Mitigation: usercopy/swapgs barriers and __user pointer sanitization
[    0.060005] Spectre V2 : Mitigation: Enhanced IBRS
[    0.064006] Spectre V2 : Spectre v2 / SpectreRSB mitigation: Filling RSB on context switch
[    0.068005] Spectre V2 : Spectre v2 / PBRSB-eIBRS: Retire a single CALL on VMEXIT
[    0.072005] RETBleed: Mitigation: Enhanced IBRS
[    0.076003] Speculative Store Bypass: Vulnerable
[    0.080058] MMIO Stale Data: Mitigation: Clear CPU buffers
[    0.088006] SRBDS: Unknown: Dependent on hypervisor status
[    0.092191] Freeing SMP alternatives memory: 36K
[    0.213786] smpboot: CPU0: Intel(R) Core(TM) i5-10210U CPU @ 1.60GHz (family: 0x6, model: 0x8e, stepping: 0xc)
[    0.216973] Performance Events: unsupported p6 CPU model 142 no PMU driver, software events only.
[    0.220179] Hierarchical SRCU implementation.
[    0.225027] NMI watchdog: Perf event create on CPU 0 failed with -2
[    0.228004] NMI watchdog: Perf NMI watchdog permanently disabled
[    0.232456] smp: Bringing up secondary CPUs ...
[    0.240279] x86: Booting SMP configuration:
[    0.244004] .... node  #0, CPUs:      #1
[    0.004000] kvm-clock: cpu 1, msr 0:5ff44041, secondary cpu clock
[    0.260000] TSC synchronization [CPU#0 -> CPU#1]:
[    0.260000] Measured 99683 cycles TSC warp between CPUs, turning off TSC clock.
[    0.260000] tsc: Marking TSC unstable due to check_tsc_sync_source failed
[    0.264229] smp: Brought up 1 node, 2 CPUs
[    0.268006] smpboot: Max logical packages: 1
[    0.272004] smpboot: Total of 2 processors activated (8448.03 BogoMIPS)
[    0.277176] devtmpfs: initialized
[    0.280120] x86/mm: Memory block size: 128MB
[    0.288117] evm: security.selinux
[    0.291673] evm: security.SMACK64
[    0.292012] evm: security.SMACK64EXEC
[    0.296007] evm: security.SMACK64TRANSMUTE
[    0.300009] evm: security.SMACK64MMAP
[    0.304007] evm: security.apparmor
[    0.308005] evm: security.ima
[    0.312010] evm: security.capability
[    0.316554] clocksource: jiffies: mask: 0xffffffff max_cycles: 0xffffffff, max_idle_ns: 7645041785100000 ns
[    0.320021] futex hash table entries: 512 (order: 3, 32768 bytes)
[    0.324219] pinctrl core: initialized pinctrl subsystem
[    0.332271] RTC time: 15:04:48, date: 07/23/24
[    0.337623] NET: Registered protocol family 16
[    0.340190] audit: initializing netlink subsys (disabled)
[    0.348131] audit: type=2000 audit(1721747094.035:1): state=initialized audit_enabled=0 res=1
[    0.360015] cpuidle: using governor ladder
[    0.364022] cpuidle: using governor menu
[    0.368053] ACPI: bus type PCI registered
[    0.372004] acpiphp: ACPI Hot Plug PCI Controller Driver version: 0.5
[    0.376739] PCI: Using configuration type 1 for base access
[    0.384583] HugeTLB registered 2.00 MiB page size, pre-allocated 0 pages
[    0.392786] ACPI: Added _OSI(Module Device)
[    0.396015] ACPI: Added _OSI(Processor Device)
[    0.400006] ACPI: Added _OSI(3.0 _SCP Extensions)
[    0.404004] ACPI: Added _OSI(Processor Aggregator Device)
[    0.408009] ACPI: Added _OSI(Linux-Dell-Video)
[    0.412008] ACPI: Added _OSI(Linux-Lenovo-NV-HDMI-Audio)
[    0.416006] ACPI: Added _OSI(Linux-HPI-Hybrid-Graphics)
[    0.425320] ACPI: Executed 1 blocks of module-level executable AML code
[    0.433786] ACPI: Interpreter enabled
[    0.436023] ACPI: (supports S0 S5)
[    0.440006] ACPI: Using IOAPIC for interrupt routing
[    0.444445] PCI: Using host bridge windows from ACPI; if necessary, use "pci=nocrs" and report a bug
[    0.448285] ACPI: Enabled 2 GPEs in block 00 to 07
[    0.462770] ACPI: PCI Root Bridge [PCI0] (domain 0000 [bus 00-ff])
[    0.464010] acpi PNP0A03:00: _OSC: OS supports [ASPM ClockPM Segments MSI]
[    0.468812] acpi PNP0A03:00: _OSC: not requesting OS control; OS requires [ExtendedConfig ASPM ClockPM MSI]
[    0.472015] acpi PNP0A03:00: fail to add MMCONFIG information, can't access extended PCI configuration space under this bridge.
[    0.476838] PCI host bridge to bus 0000:00
[    0.480005] pci_bus 0000:00: root bus resource [io  0x0000-0x0cf7 window]
[    0.484009] pci_bus 0000:00: root bus resource [io  0x0d00-0xffff window]
[    0.488005] pci_bus 0000:00: root bus resource [mem 0x000a0000-0x000bffff window]
[    0.492010] pci_bus 0000:00: root bus resource [mem 0x60000000-0xfdffffff window]
[    0.496005] pci_bus 0000:00: root bus resource [bus 00-ff]
[    0.509992] pci 0000:00:01.1: legacy IDE quirk: reg 0x10: [io  0x01f0-0x01f7]
[    0.512007] pci 0000:00:01.1: legacy IDE quirk: reg 0x14: [io  0x03f6]
[    0.516008] pci 0000:00:01.1: legacy IDE quirk: reg 0x18: [io  0x0170-0x0177]
[    0.520007] pci 0000:00:01.1: legacy IDE quirk: reg 0x1c: [io  0x0376]
[    0.550547] pci 0000:00:07.0: quirk: [io  0x4000-0x403f] claimed by PIIX4 ACPI
[    0.552050] pci 0000:00:07.0: quirk: [io  0x4100-0x410f] claimed by PIIX4 SMB
[    0.570945] ACPI: PCI Interrupt Link [LNKA] (IRQs 5 9 10 *11)
[    0.572629] ACPI: PCI Interrupt Link [LNKB] (IRQs 5 9 *10 11)
[    0.576251] ACPI: PCI Interrupt Link [LNKC] (IRQs 5 *9 10 11)
[    0.580241] ACPI: PCI Interrupt Link [LNKD] (IRQs 5 9 10 *11)
[    0.584928] SCSI subsystem initialized
[    0.588305] pci 0000:00:02.0: vgaarb: setting as boot VGA device
[    0.592000] pci 0000:00:02.0: vgaarb: VGA device added: decodes=io+mem,owns=io+mem,locks=none
[    0.592009] pci 0000:00:02.0: vgaarb: bridge control possible
[    0.596004] vgaarb: loaded
[    0.600150] ACPI: bus type USB registered
[    0.604031] usbcore: registered new interface driver usbfs
[    0.608057] usbcore: registered new interface driver hub
[    0.612021] usbcore: registered new device driver usb
[    0.616326] EDAC MC: Ver: 3.0.0
[    0.624669] PCI: Using ACPI for IRQ routing
[    0.632407] NetLabel: Initializing
[    0.636005] NetLabel:  domain hash size = 128
[    0.640005] NetLabel:  protocols = UNLABELED CIPSOv4 CALIPSO
[    0.644271] NetLabel:  unlabeled traffic allowed by default
[    0.652332] clocksource: Switched to clocksource kvm-clock
[    0.662604] VFS: Disk quotas dquot_6.6.0
[    0.662604] VFS: Dquot-cache hash table entries: 512 (order 0, 4096 bytes)
[    0.662604] AppArmor: AppArmor Filesystem Enabled
[    0.662604] pnp: PnP ACPI init
[    0.662604] pnp: PnP ACPI: found 3 devices
[    0.794222] clocksource: acpi_pm: mask: 0xffffff max_cycles: 0xffffff, max_idle_ns: 2085701024 ns
[    0.796425] NET: Registered protocol family 2
[    0.796425] IP idents hash table entries: 32768 (order: 6, 262144 bytes)
[    0.816474] TCP established hash table entries: 16384 (order: 5, 131072 bytes)
[    0.824169] TCP bind hash table entries: 16384 (order: 6, 262144 bytes)
[    0.827522] TCP: Hash tables configured (established 16384 bind 16384)
[    0.827522] UDP hash table entries: 1024 (order: 3, 32768 bytes)
[    0.827522] UDP-Lite hash table entries: 1024 (order: 3, 32768 bytes)
[    0.827522] NET: Registered protocol family 1
[    0.827522] pci 0000:00:00.0: Limiting direct PCI/PCI transfers
[    0.827522] pci 0000:00:01.0: Activating ISA DMA hang workarounds
[    0.827522] pci 0000:00:02.0: Video device with shadowed ROM at [mem 0x000c0000-0x000dffff]
[    0.827522] Unpacking initramfs...
[    1.260045] Freeing initrd memory: 19528K
[    1.616513] clocksource: tsc: mask: 0xffffffffffffffff max_cycles: 0x1e718049bae, max_idle_ns: 440795311094 ns
[    1.630629] platform rtc_cmos: registered platform RTC device (no PNP device found)
[    1.642960] Scanning for low memory corruption every 60 seconds
[    1.654458] Initialise system trusted keyrings
[    1.662690] Key type blacklist registered
[    1.670764] workingset: timestamp_bits=36 max_order=19 bucket_order=0
[    1.686292] zbud: loaded
[    1.693995] squashfs: version 4.0 (2009/01/31) Phillip Lougher
[    1.705739] fuse init (API version 7.26)
[    1.742039] Key type asymmetric registered
[    1.747718] Asymmetric key parser 'x509' registered
[    1.754285] Block layer SCSI generic (bsg) driver version 0.4 loaded (major 246)
[    1.763182] io scheduler noop registered
[    1.769010] io scheduler deadline registered
[    1.776699] io scheduler cfq registered (default)
[    1.786142] ACPI: AC Adapter [AC] (on-line)
[    1.792706] input: Power Button as /devices/LNXSYSTM:00/LNXPWRBN:00/input/input0
[    1.803469] ACPI: Power Button [PWRF]
[    1.810468] input: Sleep Button as /devices/LNXSYSTM:00/LNXSLPBN:00/input/input1
[    1.822627] ACPI: Sleep Button [SLPF]
[    1.831233] Serial: 8250/16550 driver, 32 ports, IRQ sharing enabled
[    1.833932] ACPI: Battery Slot [BAT0] (battery present)
[    1.885430] 00:02: ttyS0 at I/O 0x3f8 (irq = 4, base_baud = 115200) is a 16550A
[    1.899342] Linux agpgart interface v0.103
[    1.912713] loop: module loaded
[    1.921797] scsi host0: ata_piix
[    1.928490] scsi host1: ata_piix
[    1.933910] ata1: PATA max UDMA/33 cmd 0x1f0 ctl 0x3f6 bmdma 0xd000 irq 14
[    1.944257] ata2: PATA max UDMA/33 cmd 0x170 ctl 0x376 bmdma 0xd008 irq 15
[    1.955881] tun: Universal TUN/TAP device driver, 1.6
[    1.965214] PPP generic driver version 2.4.2
[    1.976288] ehci_hcd: USB 2.0 'Enhanced' Host Controller (EHCI) Driver
[    1.987464] ehci-pci: EHCI PCI platform driver
[    1.995276] ehci-platform: EHCI generic platform driver
[    2.005779] ohci_hcd: USB 1.1 'Open' Host Controller (OHCI) Driver
[    2.016839] ohci-pci: OHCI PCI platform driver
[    2.025158] ohci-platform: OHCI generic platform driver
[    2.034958] uhci_hcd: USB Universal Host Controller Interface driver
[    2.047020] i8042: PNP: PS/2 Controller [PNP0303:PS2K,PNP0f03:PS2M] at 0x60,0x64 irq 1,12
[    2.062868] serio: i8042 KBD port at 0x60,0x64 irq 1
[    2.072586] serio: i8042 AUX port at 0x60,0x64 irq 12
[    2.079758] mousedev: PS/2 mouse device common for all mice
[    2.091888] input: AT Translated Set 2 keyboard as /devices/platform/i8042/serio0/input/input2
[    2.106538] rtc_cmos rtc_cmos: rtc core: registered rtc_cmos as rtc0
[    2.117247] rtc_cmos rtc_cmos: alarms up to one day, 114 bytes nvram
[    2.117247] i2c /dev entries driver
[    2.117247] device-mapper: uevent: version 1.0.3
[    2.205280] device-mapper: ioctl: 4.37.0-ioctl (2017-09-20) initialised: dm-devel@redhat.com
[    2.217152] ledtrig-cpu: registered to indicate activity on CPUs
[    2.227972] NET: Registered protocol family 10
[    2.247873] Segment Routing with IPv6
[    2.253884] NET: Registered protocol family 17
[    2.260508] Key type dns_resolver registered
[    2.267462] mce: Using 0 MCE banks
[    2.274028] RAS: Correctable Errors collector initialized.
[    2.283071] sched_clock: Marking stable (2282761975, 0)->(3409716494, -1126954519)
[    2.299890] registered taskstats version 1
[    2.305712] Loading compiled-in X.509 certificates
[    2.318564] Loaded X.509 cert 'Build time autogenerated kernel key: b5b26778eaa3ab3a4a6cee031137706e947d12ad'
[    2.331165] Loaded X.509 cert 'Canonical Ltd. Live Patch Signing: 14df34d1a87cf37625abec039ef2bf521249b969'
[    2.343763] Loaded X.509 cert 'Canonical Ltd. Kernel Module Signing: 88f752e560a1e0737e31163a466ad7b70a850c19'
[    2.356269] blacklist: Loading compiled-in revocation X.509 certificates
[    2.363990] Loaded X.509 cert 'Canonical Ltd. Secure Boot Signing: 61482aa2830d0ab2ad5af10b7250da9033ddcef0'
[    2.377715] Loaded X.509 cert 'Canonical Ltd. Secure Boot Signing (2017): 242ade75ac4a15e50d50c84b0d45ff3eae707a03'
[    2.391236] Loaded X.509 cert 'Canonical Ltd. Secure Boot Signing (ESM 2018): 365188c1d374d6b07c3c8f240f8ef722433d6a8b'
[    2.407716] Loaded X.509 cert 'Canonical Ltd. Secure Boot Signing (2019): c0746fd6c5da3ae827864651ad66ae47fe24b3e8'
[    2.422642] Loaded X.509 cert 'Canonical Ltd. Secure Boot Signing (2021 v1): a8d54bbb3825cfb94fa13c9f8a594a195c107b8d'
[    2.442621] Loaded X.509 cert 'Canonical Ltd. Secure Boot Signing (2021 v2): 4cf046892d6fd3c9a5b03f98d845f90851dc6a8c'
[    2.460272] Loaded X.509 cert 'Canonical Ltd. Secure Boot Signing (2021 v3): 100437bb6de6e469b581e61cd66bce3ef4ed53af'
[    2.476843] Loaded X.509 cert 'Canonical Ltd. Secure Boot Signing (Ubuntu Core 2019): c1d57b8f6b743f23ee41f4f7ee292f06eecadfb9'
[    2.491684] zswap: loaded using pool lzo/zbud
[    2.516721] Key type big_key registered
[    2.521740] Key type trusted registered
[    2.534453] Key type encrypted registered
[    2.540222] AppArmor: AppArmor sha1 policy hashing enabled
[    2.546368] ima: No TPM chip found, activating TPM-bypass! (rc=-19)
[    2.553435] ima: Allocated hash algorithm: sha1
[    2.559324] evm: HMAC attrs: 0x1
[    2.565201]   Magic number: 0:838:83
[    2.572808] rtc_cmos rtc_cmos: setting system clock to 2024-07-23 15:04:51 UTC (1721747091)
[    2.586369] BIOS EDD facility v0.16 2004-Jun-25, 0 devices found
[    2.594307] EDD information not available.
[    2.606034] Freeing unused kernel image memory: 2480K
[    2.641339] Write protecting the kernel read-only data: 20480k
[    2.650917] Freeing unused kernel image memory: 2008K
[    2.657034] Freeing unused kernel image memory: 1820K
[    2.674777] x86/mm: Checked W+X mappings: passed, no W+X pages found.
Loading, please wait...
starting version 237
[    2.898515] e1000: Intel(R) PRO/1000 Network Driver - version 7.3.21-k8-NAPI
[    2.909708] e1000: Copyright (c) 1999-2006 Intel Corporation.
[    2.923879] Fusion MPT base driver 3.04.20
[    2.928810] Copyright (c) 1999-2008 LSI Corporation
[    2.961004] Fusion MPT SPI Host driver 3.04.20
[    2.978157] SSE version of gcm_enc/dec engaged.
[    3.129407] input: ImExPS/2 Generic Explorer Mouse as /devices/platform/i8042/serio1/input/input4
[    3.823123] e1000 0000:00:03.0 eth0: (PCI:33MHz:32-bit) 02:3b:7b:b7:3b:2d
[    3.838129] e1000 0000:00:03.0 eth0: Intel(R) PRO/1000 Network Connection
[    3.857013] mptbase: ioc0: Initiating bringup
[    3.975091] ioc0: LSI53C1030 A0: Capabilities={Initiator}
[    4.239626] scsi host2: ioc0: LSI53C1030 A0, FwRev=00000000h, Ports=1, MaxQ=256, IRQ=20
[    4.414204] scsi 2:0:0:0: Direct-Access     VBOX     HARDDISK         1.0  PQ: 0 ANSI: 5
[    4.475420] scsi target2:0:0: Beginning Domain Validation
[    4.487318] scsi target2:0:0: Domain Validation skipping write tests
[    4.494891] scsi target2:0:0: Ending Domain Validation
[    4.501730] scsi target2:0:0: asynchronous
[    4.510200] scsi 2:0:1:0: Direct-Access     VBOX     HARDDISK         1.0  PQ: 0 ANSI: 5
[    4.884315] scsi target2:0:1: Beginning Domain Validation
[    4.896265] scsi target2:0:1: Domain Validation skipping write tests
[    4.902569] scsi target2:0:1: Ending Domain Validation
[    4.908529] scsi target2:0:1: asynchronous
[    4.929620] sd 2:0:0:0: [sda] 83886080 512-byte logical blocks: (42.9 GB/40.0 GiB)
[    4.939795] sd 2:0:0:0: Attached scsi generic sg0 type 0
[    4.946473] sd 2:0:0:0: [sda] Write Protect is off
[    4.954341] sd 2:0:1:0: [sdb] 20480 512-byte logical blocks: (10.5 MB/10.0 MiB)
[    4.962582] sd 2:0:1:0: Attached scsi generic sg1 type 0
[    4.970855] sd 2:0:1:0: [sdb] Write Protect is off
[    4.978781] sd 2:0:0:0: [sda] Incomplete mode parameter data
[    4.987106] sd 2:0:0:0: [sda] Assuming drive cache: write through
[    4.997077] sd 2:0:1:0: [sdb] Incomplete mode parameter data
[    5.005412] sd 2:0:1:0: [sdb] Assuming drive cache: write through
[    5.019073]  sda: sda1
[    5.027479] sd 2:0:0:0: [sda] Attached SCSI disk
[    5.045828] sd 2:0:1:0: [sdb] Attached SCSI disk
[    5.275082] e1000 0000:00:08.0 eth1: (PCI:33MHz:32-bit) 08:00:27:34:83:57
[    5.282298] e1000 0000:00:08.0 eth1: Intel(R) PRO/1000 Network Connection
[    5.292999] e1000 0000:00:03.0 enp0s3: renamed from eth0
[    5.313232] e1000 0000:00:08.0 enp0s8: renamed from eth1
[  946.611473] INFO: rcu_sched self-detected stall on CPU
[  946.611541] INFO: rcu_sched self-detected stall on CPU
[  946.611518] 	0-...!: (1 ticks this GP) idle=60e/1/0 softirq=804/804 fqs=0 
[  946.611520] 	 (t=235322 jiffies g=-174 c=-175 q=83)
[  946.617609] 	1-...!: (1 GPs behind) idle=4ee/140000000000001/0 softirq=1110/1111 fqs=0 
[  946.623026] rcu_sched kthread starved for 235322 jiffies! g18446744073709551442 c18446744073709551441 f0x0 RCU_GP_WAIT_FQS(3) ->state=0x402 ->cpu=0
[  946.631096] 	 (t=235322 jiffies g=-174 c=-175 q=83)
[  946.636832] rcu_sched       I    0     8      2 0x80000000
[  946.647119] rcu_sched kthread starved for 235322 jiffies! g18446744073709551442 c18446744073709551441 f0x0 RCU_GP_WAIT_FQS(3) ->state=0x402 ->cpu=0
[  946.662135] Call Trace:
[  946.669906] rcu_sched       I    0     8      2 0x80000000
[  946.677224]  __schedule+0x24e/0x890
[  946.692249] Call Trace:
[  946.695299]  schedule+0x2c/0x80
[  946.702264]  __schedule+0x24e/0x890
[  946.706035]  schedule_timeout+0x15d/0x370
[  946.709282]  schedule+0x2c/0x80
[  946.712704]  ? __next_timer_interrupt+0xe0/0xe0
[  946.717020]  schedule_timeout+0x15d/0x370
[  946.721722]  rcu_gp_kthread+0x53a/0x980
[  946.726370]  ? __next_timer_interrupt+0xe0/0xe0
[  946.732190]  kthread+0x121/0x140
[  946.737737]  rcu_gp_kthread+0x53a/0x980
[  946.742460]  ? rcu_note_context_switch+0x150/0x150
[  946.748582]  kthread+0x121/0x140
[  946.752645]  ? kthread_create_worker_on_cpu+0x70/0x70
[  946.759094]  ? rcu_note_context_switch+0x150/0x150
[  946.766315]  ret_from_fork+0x1f/0x40
[  946.770975]  ? kthread_create_worker_on_cpu+0x70/0x70
[  946.777528] NMI backtrace for cpu 0
[  946.785858]  ret_from_fork+0x1f/0x40
[  946.790534] CPU: 0 PID: 0 Comm: swapper/0 Not tainted 4.15.0-212-generic #223-Ubuntu
[  946.818511] Hardware name: innotek GmbH VirtualBox/VirtualBox, BIOS VirtualBox 12/01/2006
[  946.827839] Call Trace:
[  946.830770]  <IRQ>
[  946.833293]  dump_stack+0x6d/0x8b
[  946.837328]  nmi_cpu_backtrace+0x94/0xa0
[  946.841724]  ? lapic_can_unplug_cpu+0xb0/0xb0
[  946.846514]  nmi_trigger_cpumask_backtrace+0xe7/0x130
[  946.851912]  arch_trigger_cpumask_backtrace+0x19/0x20
[  946.857301]  rcu_dump_cpu_stacks+0xa3/0xd5
[  946.861820]  rcu_check_callbacks+0x6cd/0x8e0
[  946.866632]  ? swake_up+0x37/0x40
[  946.870453]  ? tick_sched_do_timer+0x50/0x50
[  946.875261]  update_process_times+0x2f/0x60
[  946.880189]  tick_sched_handle+0x26/0x70
[  946.885378]  ? tick_sched_do_timer+0x50/0x50
[  946.890461]  tick_sched_timer+0x39/0x80
[  946.895152]  __hrtimer_run_queues+0xdf/0x230
[  946.900968]  hrtimer_interrupt+0x97/0x180
[  946.906043]  smp_apic_timer_interrupt+0x6f/0x140
[  946.911590]  apic_timer_interrupt+0x90/0xa0
[  946.917021]  </IRQ>
[  946.919342] RIP: 0010:native_safe_halt+0x12/0x20
[  946.923797] RSP: 0018:ffffffff87c03e28 EFLAGS: 00010246 ORIG_RAX: ffffffffffffff11
[  946.931174] RAX: ffffffff871cfa40 RBX: 0000000000000000 RCX: 0000000000000000
[  946.938758] RDX: 0000000000000000 RSI: 0000000000000000 RDI: 0000000000000000
[  946.946192] RBP: ffffffff87c03e28 R08: 0000000000000002 R09: 0000000000000000
[  946.953496] R10: 0000000000000001 R11: 0000000000000197 R12: 0000000000000000
[  946.960920] R13: 0000000000000000 R14: 0000000000000000 R15: 0000000000000000
[  946.969054]  ? __sched_text_end+0x1/0x1
[  946.974733]  default_idle+0x20/0x100
[  946.980172]  arch_cpu_idle+0x15/0x20
[  946.985171]  default_idle_call+0x23/0x30
[  946.989794]  do_idle+0x172/0x1f0
[  946.993086]  cpu_startup_entry+0x73/0x80
[  946.997389]  rest_init+0xae/0xb0
[  947.001638]  start_kernel+0x4c9/0x4ed
[  947.006905]  x86_64_start_reservations+0x24/0x26
[  947.012467]  x86_64_start_kernel+0x8e/0x91
[  947.016585]  secondary_startup_64+0xa5/0xb0
[  947.020889] Sending NMI from CPU 0 to CPUs 1:
[  947.026577] NMI backtrace for cpu 1 skipped: idling at native_halt+0x11/0x20
[  947.026628] Sending NMI from CPU 1 to CPUs 0:
[  947.041689] NMI backtrace for cpu 0 skipped: idling at native_halt+0x11/0x20
[  947.041691] NMI backtrace for cpu 1
[  947.055821] CPU: 1 PID: 156 Comm: systemd-udevd Not tainted 4.15.0-212-generic #223-Ubuntu
[  947.065929] Hardware name: innotek GmbH VirtualBox/VirtualBox, BIOS VirtualBox 12/01/2006
[  947.074881] Call Trace:
[  947.078203]  <IRQ>
[  947.080702]  dump_stack+0x6d/0x8b
[  947.084437]  nmi_cpu_backtrace+0x94/0xa0
[  947.089030]  ? lapic_can_unplug_cpu+0xb0/0xb0
[  947.093846]  nmi_trigger_cpumask_backtrace+0xe7/0x130
[  947.099039]  arch_trigger_cpumask_backtrace+0x19/0x20
[  947.104354]  rcu_dump_cpu_stacks+0xa3/0xd5
[  947.108867]  rcu_check_callbacks+0x6cd/0x8e0
[  947.114003]  ? account_user_time+0x9e/0xb0
[  947.118505]  ? tick_sched_do_timer+0x50/0x50
[  947.123139]  update_process_times+0x2f/0x60
[  947.127673]  tick_sched_handle+0x26/0x70
[  947.132278]  ? tick_sched_do_timer+0x42/0x50
[  947.136980]  tick_sched_timer+0x39/0x80
[  947.141394]  __hrtimer_run_queues+0xdf/0x230
[  947.146634]  hrtimer_interrupt+0x97/0x180
[  947.153032]  smp_apic_timer_interrupt+0x6f/0x140
[  947.160713]  apic_timer_interrupt+0x90/0xa0
[  947.168006]  </IRQ>
[  947.172204] RIP: 0033:0x7f44a812802f
[  947.177088] RSP: 002b:00007ffdceacbbd8 EFLAGS: 00010246 ORIG_RAX: ffffffffffffff11
[  947.185628] RAX: 0000000000000000 RBX: 00005566e0f4f260 RCX: 00007f44a8128031
[  947.193206] RDX: 0000000000001000 RSI: 00005566e0f7e470 RDI: 000000000000000d
[  947.200709] RBP: 00007f44a84002a0 R08: 0000000000000077 R09: 0000000000000000
[  947.208031] R10: 00005566e0f4f010 R11: 0000000000000246 R12: 00005566e0f7e470
[  947.216007] R13: 0000000000001001 R14: 0000000000000d68 R15: 0000000000001001
Begin: Loading essential drivers ... [  950.097052] raid6: sse2x1   gen() 12060 MB/s
[  950.159060] raid6: sse2x1   xor()  6665 MB/s
[  950.220648] raid6: sse2x2   gen() 13931 MB/s
[  950.283027] raid6: sse2x2   xor()  8430 MB/s
[  950.345035] raid6: sse2x4   gen() 15314 MB/s
